<?xml version="1.0" encoding="UTF-8"?>
<testng-results skipped="0" failed="0" ignored="0" total="4" passed="4">
  <reporter-output>
  </reporter-output>
  <suite name="Suite" duration-ms="64577" started-at="2020-01-25T23:42:15 MST" finished-at="2020-01-25T23:43:19 MST">
    <groups>
    </groups>
    <test name="Test" duration-ms="64577" started-at="2020-01-25T23:42:15 MST" finished-at="2020-01-25T23:43:19 MST">
      <class name="com.automationPractice.TestCases.SignInTest">
        <test-method status="PASS" signature="setup()[pri:0, instance:com.automationPractice.TestCases.SignInTest@33c911a1]" name="setup" is-config="true" duration-ms="5885" started-at="2020-01-25T23:43:10 MST" finished-at="2020-01-25T23:43:16 MST">
          <reporter-output>
          </reporter-output>
        </test-method> <!-- setup -->
        <test-method status="PASS" signature="doLogin()[pri:0, instance:com.automationPractice.TestCases.SignInTest@33c911a1]" name="doLogin" duration-ms="2508" started-at="2020-01-25T23:43:16 MST" finished-at="2020-01-25T23:43:18 MST">
          <reporter-output>
          </reporter-output>
        </test-method> <!-- doLogin -->
        <test-method status="PASS" signature="teardown()[pri:0, instance:com.automationPractice.TestCases.SignInTest@33c911a1]" name="teardown" is-config="true" duration-ms="667" started-at="2020-01-25T23:43:18 MST" finished-at="2020-01-25T23:43:19 MST">
          <reporter-output>
          </reporter-output>
        </test-method> <!-- teardown -->
      </class> <!-- com.automationPractice.TestCases.SignInTest -->
      <class name="com.automationPractice.TestCases.HomePageTest">
        <test-method status="PASS" signature="setup()[pri:0, instance:com.automationPractice.TestCases.HomePageTest@65d09a04]" name="setup" is-config="true" duration-ms="10474" started-at="2020-01-25T23:42:55 MST" finished-at="2020-01-25T23:43:05 MST">
          <reporter-output>
          </reporter-output>
        </test-method> <!-- setup -->
        <test-method status="PASS" signature="verifyMoreBtn()[pri:0, instance:com.automationPractice.TestCases.HomePageTest@65d09a04]" name="verifyMoreBtn" duration-ms="3956" started-at="2020-01-25T23:43:05 MST" finished-at="2020-01-25T23:43:09 MST">
          <reporter-output>
          </reporter-output>
        </test-method> <!-- verifyMoreBtn -->
        <test-method status="PASS" signature="teardown()[pri:0, instance:com.automationPractice.TestCases.HomePageTest@65d09a04]" name="teardown" is-config="true" duration-ms="759" started-at="2020-01-25T23:43:09 MST" finished-at="2020-01-25T23:43:10 MST">
          <reporter-output>
          </reporter-output>
        </test-method> <!-- teardown -->
      </class> <!-- com.automationPractice.TestCases.HomePageTest -->
      <class name="com.automationPractice.TestCases.SearchPageTest">
        <test-method status="PASS" signature="setup()[pri:0, instance:com.automationPractice.TestCases.SearchPageTest@5aebe890]" name="setup" is-config="true" duration-ms="9227" started-at="2020-01-25T23:42:15 MST" finished-at="2020-01-25T23:42:24 MST">
          <reporter-output>
          </reporter-output>
        </test-method> <!-- setup -->
        <test-method status="PASS" signature="verifyLowtoHighSorting()[pri:0, instance:com.automationPractice.TestCases.SearchPageTest@5aebe890]" name="verifyLowtoHighSorting" duration-ms="22036" started-at="2020-01-25T23:42:24 MST" finished-at="2020-01-25T23:42:46 MST">
          <reporter-output>
          </reporter-output>
        </test-method> <!-- verifyLowtoHighSorting -->
        <test-method status="PASS" signature="teardown()[pri:0, instance:com.automationPractice.TestCases.SearchPageTest@5aebe890]" name="teardown" is-config="true" duration-ms="706" started-at="2020-01-25T23:42:46 MST" finished-at="2020-01-25T23:42:47 MST">
          <reporter-output>
          </reporter-output>
        </test-method> <!-- teardown -->
        <test-method status="PASS" signature="setup()[pri:0, instance:com.automationPractice.TestCases.SearchPageTest@5aebe890]" name="setup" is-config="true" duration-ms="6418" started-at="2020-01-25T23:42:47 MST" finished-at="2020-01-25T23:42:53 MST">
          <reporter-output>
          </reporter-output>
        </test-method> <!-- setup -->
        <test-method status="PASS" signature="verifySortByOptions()[pri:0, instance:com.automationPractice.TestCases.SearchPageTest@5aebe890]" name="verifySortByOptions" duration-ms="1164" started-at="2020-01-25T23:42:53 MST" finished-at="2020-01-25T23:42:54 MST">
          <reporter-output>
          </reporter-output>
        </test-method> <!-- verifySortByOptions -->
        <test-method status="PASS" signature="teardown()[pri:0, instance:com.automationPractice.TestCases.SearchPageTest@5aebe890]" name="teardown" is-config="true" duration-ms="706" started-at="2020-01-25T23:42:54 MST" finished-at="2020-01-25T23:42:55 MST">
          <reporter-output>
          </reporter-output>
        </test-method> <!-- teardown -->
      </class> <!-- com.automationPractice.TestCases.SearchPageTest -->
    </test> <!-- Test -->
  </suite> <!-- Suite -->
</testng-results>
