<?xml version="1.0" encoding="UTF-8" ?>
<testsuite tests="4" failures="0" name="TestSuite" time="29.367" errors="0" skipped="0">
  <properties>
[...]
</properties>
  <testcase classname="com.automationPractice.TestCases.HomePageTest" name="verifyMoreBtn" time="3.826"/>
  <testcase classname="com.automationPractice.TestCases.SearchPageTest" name="verifyLowtoHighSorting" time="21.762"/>
  <testcase classname="com.automationPractice.TestCases.SearchPageTest" name="verifySortByOptions" time="1.107"/>
  <testcase classname="com.automationPractice.TestCases.SignInTest" name="doLogin" time="2.672"/>
</testsuite>