<?xml version="1.0" encoding="UTF-8"?>
<!-- Generated by org.testng.reporters.JUnitXMLReporter -->
<testsuite hostname="VERMAP6-TL1" name="Test" tests="4" failures="0" timestamp="25 Jan 2020 19:59:24 GMT" time="72.591" errors="0">
  <testcase name="verifyLowtoHighSorting" time="22.287" classname="com.automationPractice.TestCases.SearchPageTest"/>
  <testcase name="verifySortByOptions" time="1.413" classname="com.automationPractice.TestCases.SearchPageTest"/>
  <testcase name="verifyMoreBtn" time="3.935" classname="com.automationPractice.TestCases.HomePageTest"/>
  <testcase name="doLogin" time="2.592" classname="com.automationPractice.TestCases.SignInTest"/>
</testsuite> <!-- Test -->
