<?xml version="1.0" encoding="UTF-8"?>
<!-- Generated by org.testng.reporters.JUnitXMLReporter -->
<testsuite hostname="VERMAP6-TL1" ignored="0" name="Command line test" tests="4" failures="0" timestamp="2020-01-25T13:08:30 MST" time="68.93" errors="0">
  <testcase name="verifyMoreBtn" time="3.823" classname="com.automationPractice.TestCases.HomePageTest"/>
  <testcase name="verifyLowtoHighSorting" time="21.761" classname="com.automationPractice.TestCases.SearchPageTest"/>
  <testcase name="verifySortByOptions" time="1.107" classname="com.automationPractice.TestCases.SearchPageTest"/>
  <testcase name="doLogin" time="2.672" classname="com.automationPractice.TestCases.SignInTest"/>
</testsuite> <!-- Command line test -->
