<?xml version="1.0" encoding="UTF-8"?>
<!-- Generated by org.testng.reporters.JUnitXMLReporter -->
<testsuite hostname="VERMAP6-TL1" ignored="0" name="Test" tests="4" failures="0" timestamp="2020-01-25T23:43:19 MST" time="64.577" errors="0">
  <testcase name="verifyLowtoHighSorting" time="22.036" classname="com.automationPractice.TestCases.SearchPageTest"/>
  <testcase name="verifySortByOptions" time="1.164" classname="com.automationPractice.TestCases.SearchPageTest"/>
  <testcase name="verifyMoreBtn" time="3.956" classname="com.automationPractice.TestCases.HomePageTest"/>
  <testcase name="doLogin" time="2.508" classname="com.automationPractice.TestCases.SignInTest"/>
</testsuite> <!-- Test -->
